app/build/outputs/logs/manifest-merger-release-report.txt
-- Merging decision tree log ---
manifest
ADDED from src\main\AndroidManifest.xml:2:1-31:12
	xmlns:android
		ADDED from src\main\AndroidManifest.xml:2:11-69
	package
		ADDED from src\main\AndroidManifest.xml:3:5-30
		INJECTED from src\main\AndroidManifest.xml
		INJECTED from src\main\AndroidManifest.xml
	android:versionName
		INJECTED from src\main\AndroidManifest.xml
		INJECTED from src\main\AndroidManifest.xml
	android:versionCode
		INJECTED from src\main\AndroidManifest.xml
		INJECTED from src\main\AndroidManifest.xml
application
ADDED from src\main\AndroidManifest.xml:5:5-29:19
	android:label
		ADDED from src\main\AndroidManifest.xml:8:9-36
	android:allowBackup
		ADDED from src\main\AndroidManifest.xml:6:9-35
	android:icon
		ADDED from src\main\AndroidManifest.xml:7:9-43
	android:theme
		ADDED from src\main\AndroidManifest.xml:9:9-40
activity#com.jakting.fff.MainActivity
ADDED from src\main\AndroidManifest.xml:11:9-18:20
	android:label
		ADDED from src\main\AndroidManifest.xml:13:13-40
	android:name
		ADDED from src\main\AndroidManifest.xml:12:13-41
intent-filter#android.intent.action.MAIN+android.intent.category.LAUNCHER
ADDED from src\main\AndroidManifest.xml:14:13-17:29
action#android.intent.action.MAIN
ADDED from src\main\AndroidManifest.xml:15:17-68
	android:name
		ADDED from src\main\AndroidManifest.xml:15:25-66
category#android.intent.category.LAUNCHER
ADDED from src\main\AndroidManifest.xml:16:17-76
	android:name
		ADDED from src\main\AndroidManifest.xml:16:27-74
meta-data#xposedmodule
ADDED from src\main\AndroidManifest.xml:19:9-21:36
	android:name
		ADDED from src\main\AndroidManifest.xml:20:13-40
	android:value
		ADDED from src\main\AndroidManifest.xml:21:13-33
meta-data#xposedminversion
ADDED from src\main\AndroidManifest.xml:22:9-24:36
	android:name
		ADDED from src\main\AndroidManifest.xml:23:13-44
	android:value
		ADDED from src\main\AndroidManifest.xml:24:13-33
meta-data#xposeddescription
ADDED from src\main\AndroidManifest.xml:25:9-27:54
	android:name
		ADDED from src\main\AndroidManifest.xml:26:13-45
	android:value
		ADDED from src\main\AndroidManifest.xml:27:13-52
uses-sdk
INJECTED from src\main\AndroidManifest.xml reason: use-sdk injection requested
	android:targetSdkVersion
		INJECTED from src\main\AndroidManifest.xml
		INJECTED from src\main\AndroidManifest.xml
	android:minSdkVersion
		INJECTED from src\main\AndroidManifest.xml
		INJECTED from src\main\AndroidManifest.xml